<?xml version="1.0" encoding="UTF-8"?>
<testsuite name="com.lgcns.mockWasServer.MockWasServerApplicationTests" tests="1" skipped="0" failures="0" errors="0" timestamp="2024-05-11T12:26:31" hostname="gyunMac.local" time="0.389">
  <properties/>
  <testcase name="contextLoads()" classname="com.lgcns.mockWasServer.MockWasServerApplicationTests" time="0.389"/>
  <system-out><![CDATA[21:26:31.092 [Test worker] INFO org.springframework.test.context.support.AnnotationConfigContextLoaderUtils -- Could not detect default configuration classes for test class [com.lgcns.mockWasServer.MockWasServerApplicationTests]: MockWasServerApplicationTests does not declare any static, non-private, non-final, nested classes annotated with @Configuration.
21:26:31.141 [Test worker] INFO org.springframework.boot.test.context.SpringBootTestContextBootstrapper -- Found @SpringBootConfiguration com.lgcns.mockWasServer.MockWasServerApplication for test class com.lgcns.mockWasServer.MockWasServerApplicationTests

  .   ____          _            __ _ _
 /\\ / ___'_ __ _ _(_)_ __  __ _ \ \ \ \
( ( )\___ | '_ | '_| | '_ \/ _` | \ \ \ \
 \\/  ___)| |_)| | | | | || (_| |  ) ) ) )
  '  |____| .__|_| |_|_| |_\__, | / / / /
 =========|_|==============|___/=/_/_/_/
 :: Spring Boot ::                (v3.2.4)

2024-05-11T21:26:31.371+09:00  INFO 56944 --- [mockWasServer] [    Test worker] c.a.s.p.s.AwsSpringWebRuntimeInitializer : AWS Environment: {PATH=/Users/kiyun/.rd/bin:/opt/homebrew/bin:/usr/local/bin:/System/Cryptexes/App/usr/bin:/usr/bin:/bin:/usr/sbin:/sbin:/var/run/com.apple.security.cryptexd/codex.system/bootstrap/usr/local/bin:/var/run/com.apple.security.cryptexd/codex.system/bootstrap/usr/bin:/var/run/com.apple.security.cryptexd/codex.system/bootstrap/usr/appleinternal/bin, JAVA_HOME=/opt/homebrew/Cellar/openjdk@17/17.0.11/libexec/openjdk.jdk/Contents/Home, TERM=xterm-256color, COMMAND_MODE=unix2003, JAVA_HOME_14=/opt/homebrew/Cellar/openjdk@17/17.0.11/libexec/openjdk.jdk/Contents/Home, JAVA_MAIN_CLASS_56944=worker.org.gradle.process.internal.worker.GradleWorkerMain, JAVA_HOME_11=/Library/Java/JavaVirtualMachines/adoptopenjdk-11.jdk/Contents/Home, LOGNAME=kiyun, PWD=/Users/kiyun/Desktop/eks-study/mock-was-server, XPC_SERVICE_NAME=0, JAVA_HOME_17=/opt/homebrew/Cellar/openjdk@17/17.0.11/libexec/openjdk.jdk/Contents/Home, __CFBundleIdentifier=com.jetbrains.intellij, SHELL=/bin/zsh, PAGER=less, LSCOLORS=Gxfxcxdxbxegedabagacad, USER=kiyun, ZSH=/Users/kiyun/.oh-my-zsh, TERMINAL_EMULATOR=JetBrains-JediTerm, TMPDIR=/var/folders/wz/2d4yq0js2s9630z7m4fr429w0000gn/T/, SSH_AUTH_SOCK=/private/tmp/com.apple.launchd.gZ5nTNqUwr/Listeners, XPC_FLAGS=0x0, __CF_USER_TEXT_ENCODING=0x1F5:0x3:0x33, LESS=-R, LC_CTYPE=UTF-8, LS_COLORS=di=1;36:ln=35:so=32:pi=33:ex=31:bd=34;46:cd=34;43:su=30;41:sg=30;46:tw=30;42:ow=30;43, IDEA_INITIAL_DIRECTORY=/, SHLVL=1, HOME=/Users/kiyun}
2024-05-11T21:26:31.375+09:00  INFO 56944 --- [mockWasServer] [    Test worker] c.l.m.MockWasServerApplicationTests      : Starting MockWasServerApplicationTests using Java 17.0.11 with PID 56944 (started by kiyun in /Users/kiyun/Desktop/eks-study/mock-was-server)
2024-05-11T21:26:31.375+09:00  INFO 56944 --- [mockWasServer] [    Test worker] c.l.m.MockWasServerApplicationTests      : No active profile set, falling back to 1 default profile: "default"
2024-05-11T21:26:31.931+09:00  INFO 56944 --- [mockWasServer] [    Test worker] c.l.m.MockWasServerApplicationTests      : Started MockWasServerApplicationTests in 0.728 seconds (process running for 1.26)
]]></system-out>
  <system-err><![CDATA[]]></system-err>
</testsuite>
