<?xml version="1.0" encoding="UTF-8"?>
<testsuite name="com.lgcns.mockWasServer.MockWasServerApplicationTests" tests="1" skipped="0" failures="0" errors="0" timestamp="2024-05-30T01:33:16" hostname="86176.local" time="0.962">
  <properties/>
  <testcase name="contextLoads()" classname="com.lgcns.mockWasServer.MockWasServerApplicationTests" time="0.962"/>
  <system-out><![CDATA[10:33:13.522 [Test worker] INFO org.springframework.test.context.support.AnnotationConfigContextLoaderUtils -- Could not detect default configuration classes for test class [com.lgcns.mockWasServer.MockWasServerApplicationTests]: MockWasServerApplicationTests does not declare any static, non-private, non-final, nested classes annotated with @Configuration.
10:33:13.674 [Test worker] INFO org.springframework.boot.test.context.SpringBootTestContextBootstrapper -- Found @SpringBootConfiguration com.lgcns.mockWasServer.MockWasServerApplication for test class com.lgcns.mockWasServer.MockWasServerApplicationTests

  .   ____          _            __ _ _
 /\\ / ___'_ __ _ _(_)_ __  __ _ \ \ \ \
( ( )\___ | '_ | '_| | '_ \/ _` | \ \ \ \
 \\/  ___)| |_)| | | | | || (_| |  ) ) ) )
  '  |____| .__|_| |_|_| |_\__, | / / / /
 =========|_|==============|___/=/_/_/_/
 :: Spring Boot ::                (v3.2.4)

2024-05-30T10:33:14.260+09:00  INFO 57402 --- [mockWasServer] [    Test worker] c.a.s.p.s.AwsSpringWebRuntimeInitializer : AWS Environment: {PATH=/Users/woody/.nvm/versions/node/v12.22.12/bin:/opt/homebrew/bin:/usr/local/bin:/System/Cryptexes/App/usr/bin:/usr/bin:/bin:/usr/sbin:/sbin:/var/run/com.apple.security.cryptexd/codex.system/bootstrap/usr/local/bin:/var/run/com.apple.security.cryptexd/codex.system/bootstrap/usr/bin:/var/run/com.apple.security.cryptexd/codex.system/bootstrap/usr/appleinternal/bin:/Users/woody/.nvm/versions/node/v12.22.12/bin:/opt/homebrew/bin, MallocNanoZone=0, ZDOTDIR=/Users/woody, JAVA_HOME=/Library/Java/JavaVirtualMachines/amazon-corretto-17.jdk/Contents/Home, TERM=xterm-256color, LANG=en_US.UTF-8, VSCODE_GIT_IPC_HANDLE=/var/folders/z5/vkm682c91lq_crhrxz7wftt00000gn/T/vscode-git-877571c1af.sock, COMMAND_MODE=unix2003, VSCODE_GIT_ASKPASS_MAIN=/private/var/folders/z5/vkm682c91lq_crhrxz7wftt00000gn/T/AppTranslocation/366DFD44-1E56-46EC-936B-6FA78CCD4F85/d/Visual Studio Code.app/Contents/Resources/app/extensions/git/dist/askpass-main.js, NVM_INC=/Users/woody/.nvm/versions/node/v12.22.12/include/node, VSCODE_INJECTION=1, COLORTERM=truecolor, VSCODE_GIT_ASKPASS_EXTRA_ARGS=--ms-enable-electron-run-as-node, LOGNAME=woody, VSCODE_GIT_ASKPASS_NODE=/private/var/folders/z5/vkm682c91lq_crhrxz7wftt00000gn/T/AppTranslocation/366DFD44-1E56-46EC-936B-6FA78CCD4F85/d/Visual Studio Code.app/Contents/Frameworks/Code Helper (Plugin).app/Contents/MacOS/Code Helper (Plugin), TERM_PROGRAM_VERSION=1.85.1, PWD=/Users/woody/study/test/eks-study/mock-was-server, XPC_SERVICE_NAME=0, GIT_ASKPASS=/private/var/folders/z5/vkm682c91lq_crhrxz7wftt00000gn/T/AppTranslocation/366DFD44-1E56-46EC-936B-6FA78CCD4F85/d/Visual Studio Code.app/Contents/Resources/app/extensions/git/dist/askpass.sh, __CFBundleIdentifier=com.microsoft.VSCode, NVM_CD_FLAGS=-q, NVM_DIR=/Users/woody/.nvm, SHELL=/bin/zsh, TERM_PROGRAM=vscode, PAGER=less, LSCOLORS=Gxfxcxdxbxegedabagacad, USER_ZDOTDIR=/Users/woody, USER=woody, ZSH=/Users/woody/.oh-my-zsh, TMPDIR=/var/folders/z5/vkm682c91lq_crhrxz7wftt00000gn/T/, ORIGINAL_XDG_CURRENT_DESKTOP=undefined, SSH_AUTH_SOCK=/private/tmp/com.apple.launchd.PjemwgcQG1/Listeners, XPC_FLAGS=0x0, __CF_USER_TEXT_ENCODING=0x1F5:0x3:0x33, LESS=-R, LS_COLORS=di=1;36:ln=35:so=32:pi=33:ex=31:bd=34;46:cd=34;43:su=30;41:sg=30;46:tw=30;42:ow=30;43, NVM_BIN=/Users/woody/.nvm/versions/node/v12.22.12/bin, SHLVL=1, HOME=/Users/woody, JAVA_MAIN_CLASS_57402=worker.org.gradle.process.internal.worker.GradleWorkerMain}
2024-05-30T10:33:14.268+09:00  INFO 57402 --- [mockWasServer] [    Test worker] c.l.m.MockWasServerApplicationTests      : Starting MockWasServerApplicationTests using Java 17.0.10 with PID 57402 (started by woody in /Users/woody/study/test/eks-study/mock-was-server)
2024-05-30T10:33:14.269+09:00  INFO 57402 --- [mockWasServer] [    Test worker] c.l.m.MockWasServerApplicationTests      : No active profile set, falling back to 1 default profile: "default"
2024-05-30T10:33:16.440+09:00  INFO 57402 --- [mockWasServer] [    Test worker] c.l.m.MockWasServerApplicationTests      : Started MockWasServerApplicationTests in 2.614 seconds (process running for 4.079)
]]></system-out>
  <system-err><![CDATA[]]></system-err>
</testsuite>
